
> admin-dashboard@0.1.0 build H:\Firebase\Sierra-Estates-Final\apps\admin-dashboard
> vite build && npm run build:server

[36mvite v7.3.5 [32mbuilding client environment for production...[36m[39m
transforming...
Found 1 warning while optimizing generated CSS:

[2m│   color: #0f172a !important;[22m
[2m│ }[22m
[2m│[22m [data-theme="light"] .bg-slate-950, [data-theme="light"] .bg-[#0b1329] {
[2m┆[22m                                                               [33m[2m^--[22m No qualified name in attribute selector: Hash("0b1329").[39m
[2m┆[22m
[2m│   background-color: #f8fafc !important;[22m
[2m│   border-color: #cbd5e1 !important;[22m

[32m✓[39m 2961 modules transformed.
rendering chunks...
computing gzip size...
[2mdist/[22m[32mindex.html                          [39m[1m[2m    0.78 kB[22m[1m[22m[2m │ gzip:   0.38 kB[22m
[2mdist/[22m[35massets/index-BrR1DeWr.css           [39m[1m[2m  127.20 kB[22m[1m[22m[2m │ gzip:  18.25 kB[22m
[2mdist/[22m[36massets/purify.es-Ddytg4bZ.js        [39m[1m[2m   27.88 kB[22m[1m[22m[2m │ gzip:  10.54 kB[22m
[2mdist/[22m[36massets/vendor-react-BF0KxDl5.js     [39m[1m[2m   65.87 kB[22m[1m[22m[2m │ gzip:  22.27 kB[22m
[2mdist/[22m[36massets/vendor-motion-BiZjBnz4.js    [39m[1m[2m  134.23 kB[22m[1m[22m[2m │ gzip:  44.89 kB[22m
[2mdist/[22m[36massets/index.es-C_BuQ-ex.js         [39m[1m[2m  158.94 kB[22m[1m[22m[2m │ gzip:  53.09 kB[22m
[2mdist/[22m[36massets/vendor-ui-B9OGEkFh.js        [39m[1m[2m  453.02 kB[22m[1m[22m[2m │ gzip: 133.38 kB[22m
[2mdist/[22m[36massets/vendor-firebase-BEU7tOn6.js  [39m[1m[2m  560.95 kB[22m[1m[22m[2m │ gzip: 167.13 kB[22m
[2mdist/[22m[36massets/index-BLvRF8M7.js            [39m[1m[33m2,205.11 kB[39m[22m[2m │ gzip: 557.23 kB[22m
[33m
(!) Some chunks are larger than 1000 kB after minification. Consider:
- Using dynamic import() to code-split the application
- Use build.rollupOptions.output.manualChunks to improve chunking: https://rollupjs.org/configuration-options/#output-manualchunks
- Adjust chunk size limit for this warning via build.chunkSizeWarningLimit.[39m
[32m✓ built in 39.35s[39m
npm warn Unknown env config "node-linker". This will stop working in the next major version of npm. See `npm help npmrc` for supported config options.
npm warn Unknown env config "onlybuiltdependencies". This will stop working in the next major version of npm. See `npm help npmrc` for supported config options.
npm warn Unknown project config "onlyBuiltDependencies". This will stop working in the next major version of npm. See `npm help npmrc` for supported config options.
npm warn Unknown project config "node-linker". This will stop working in the next major version of npm. See `npm help npmrc` for supported config options.

> admin-dashboard@0.1.0 build:server
> esbuild api/index.ts --bundle --platform=node --format=cjs --sourcemap --outfile=api/server.js


  api\server.js      16.0mb
  api\server.js.map  26.2mb

Done in 10275ms
